<?xml version="1.0" encoding="UTF-8"?>
<coverage generated="1683791108075" clover="3.2.0">
  <project timestamp="1683791108075" name="All files">
    <metrics statements="182" coveredstatements="90" conditionals="48" coveredconditionals="16" methods="80" coveredmethods="34" elements="310" coveredelements="140" complexity="0" loc="182" ncloc="182" packages="22" files="36" classes="36"/>
    <package name="components.atoms.accordionItem">
      <metrics statements="5" coveredstatements="5" conditionals="2" coveredconditionals="2" methods="2" coveredmethods="2"/>
      <file name="AccordionItem.jsx" path="C:\Users\arpsahoo\pokemonGoApp\src\components\atoms\accordionItem\AccordionItem.jsx">
        <metrics statements="4" coveredstatements="4" conditionals="2" coveredconditionals="2" methods="2" coveredmethods="2"/>
        <line num="5" count="2" type="stmt"/>
        <line num="6" count="5" type="stmt"/>
        <line num="8" count="5" type="stmt"/>
        <line num="16" count="1" type="stmt"/>
      </file>
      <file name="AccordionItem.styles.js" path="C:\Users\arpsahoo\pokemonGoApp\src\components\atoms\accordionItem\AccordionItem.styles.js">
        <metrics statements="1" coveredstatements="1" conditionals="0" coveredconditionals="0" methods="0" coveredmethods="0"/>
        <line num="3" count="2" type="stmt"/>
      </file>
    </package>
    <package name="components.atoms.checkboxItem">
      <metrics statements="4" coveredstatements="3" conditionals="0" coveredconditionals="0" methods="2" coveredmethods="1"/>
      <file name="CheckboxItem.jsx" path="C:\Users\arpsahoo\pokemonGoApp\src\components\atoms\checkboxItem\CheckboxItem.jsx">
        <metrics statements="3" coveredstatements="2" conditionals="0" coveredconditionals="0" methods="2" coveredmethods="1"/>
        <line num="7" count="2" type="stmt"/>
        <line num="8" count="1" type="stmt"/>
        <line num="13" count="0" type="stmt"/>
      </file>
      <file name="CheckboxItem.styles.js" path="C:\Users\arpsahoo\pokemonGoApp\src\components\atoms\checkboxItem\CheckboxItem.styles.js">
        <metrics statements="1" coveredstatements="1" conditionals="0" coveredconditionals="0" methods="0" coveredmethods="0"/>
        <line num="2" count="2" type="stmt"/>
      </file>
    </package>
    <package name="components.atoms.modal">
      <metrics statements="2" coveredstatements="2" conditionals="0" coveredconditionals="0" methods="1" coveredmethods="1"/>
      <file name="PokemonModal.jsx" path="C:\Users\arpsahoo\pokemonGoApp\src\components\atoms\modal\PokemonModal.jsx">
        <metrics statements="2" coveredstatements="2" conditionals="0" coveredconditionals="0" methods="1" coveredmethods="1"/>
        <line num="4" count="2" type="stmt"/>
        <line num="5" count="3" type="stmt"/>
      </file>
    </package>
    <package name="components.atoms.pokemonCard">
      <metrics statements="5" coveredstatements="5" conditionals="6" coveredconditionals="2" methods="3" coveredmethods="3"/>
      <file name="PokemonCard.jsx" path="C:\Users\arpsahoo\pokemonGoApp\src\components\atoms\pokemonCard\PokemonCard.jsx">
        <metrics statements="4" coveredstatements="4" conditionals="6" coveredconditionals="2" methods="3" coveredmethods="3"/>
        <line num="7" count="1" type="stmt"/>
        <line num="8" count="2" type="stmt"/>
        <line num="10" count="1" type="cond" truecount="1" falsecount="1"/>
        <line num="22" count="1" type="stmt"/>
      </file>
      <file name="PokemonCard.styles.js" path="C:\Users\arpsahoo\pokemonGoApp\src\components\atoms\pokemonCard\PokemonCard.styles.js">
        <metrics statements="1" coveredstatements="1" conditionals="0" coveredconditionals="0" methods="0" coveredmethods="0"/>
        <line num="2" count="1" type="stmt"/>
      </file>
    </package>
    <package name="components.atoms.pokemonChip">
      <metrics statements="3" coveredstatements="3" conditionals="0" coveredconditionals="0" methods="1" coveredmethods="1"/>
      <file name="PokemonChip.jsx" path="C:\Users\arpsahoo\pokemonGoApp\src\components\atoms\pokemonChip\PokemonChip.jsx">
        <metrics statements="2" coveredstatements="2" conditionals="0" coveredconditionals="0" methods="1" coveredmethods="1"/>
        <line num="4" count="7" type="stmt"/>
        <line num="5" count="7" type="stmt"/>
      </file>
      <file name="PokemonChip.styles.js" path="C:\Users\arpsahoo\pokemonGoApp\src\components\atoms\pokemonChip\PokemonChip.styles.js">
        <metrics statements="1" coveredstatements="1" conditionals="0" coveredconditionals="0" methods="0" coveredmethods="0"/>
        <line num="2" count="7" type="stmt"/>
      </file>
    </package>
    <package name="components.atoms.pokemonFeature">
      <metrics statements="2" coveredstatements="2" conditionals="2" coveredconditionals="2" methods="1" coveredmethods="1"/>
      <file name="PokemonFeature.jsx" path="C:\Users\arpsahoo\pokemonGoApp\src\components\atoms\pokemonFeature\PokemonFeature.jsx">
        <metrics statements="2" coveredstatements="2" conditionals="2" coveredconditionals="2" methods="1" coveredmethods="1"/>
        <line num="4" count="2" type="stmt"/>
        <line num="5" count="8" type="stmt"/>
      </file>
    </package>
    <package name="components.atoms.progressBar">
      <metrics statements="3" coveredstatements="3" conditionals="0" coveredconditionals="0" methods="1" coveredmethods="1"/>
      <file name="ProgressBar.jsx" path="C:\Users\arpsahoo\pokemonGoApp\src\components\atoms\progressBar\ProgressBar.jsx">
        <metrics statements="2" coveredstatements="2" conditionals="0" coveredconditionals="0" methods="1" coveredmethods="1"/>
        <line num="6" count="2" type="stmt"/>
        <line num="7" count="2" type="stmt"/>
      </file>
      <file name="ProgressBar.styles.js" path="C:\Users\arpsahoo\pokemonGoApp\src\components\atoms\progressBar\ProgressBar.styles.js">
        <metrics statements="1" coveredstatements="1" conditionals="0" coveredconditionals="0" methods="0" coveredmethods="0"/>
        <line num="2" count="2" type="stmt"/>
      </file>
    </package>
    <package name="components.atoms.searchInput">
      <metrics statements="4" coveredstatements="4" conditionals="0" coveredconditionals="0" methods="2" coveredmethods="2"/>
      <file name="SearchInput.jsx" path="C:\Users\arpsahoo\pokemonGoApp\src\components\atoms\searchInput\SearchInput.jsx">
        <metrics statements="3" coveredstatements="3" conditionals="0" coveredconditionals="0" methods="2" coveredmethods="2"/>
        <line num="5" count="1" type="stmt"/>
        <line num="6" count="2" type="stmt"/>
        <line num="11" count="1" type="stmt"/>
      </file>
      <file name="SearchInput.styles.js" path="C:\Users\arpsahoo\pokemonGoApp\src\components\atoms\searchInput\SearchInput.styles.js">
        <metrics statements="1" coveredstatements="1" conditionals="0" coveredconditionals="0" methods="0" coveredmethods="0"/>
        <line num="2" count="1" type="stmt"/>
      </file>
    </package>
    <package name="components.molecules.header">
      <metrics statements="6" coveredstatements="6" conditionals="0" coveredconditionals="0" methods="1" coveredmethods="1"/>
      <file name="Header.jsx" path="C:\Users\arpsahoo\pokemonGoApp\src\components\molecules\header\Header.jsx">
        <metrics statements="2" coveredstatements="2" conditionals="0" coveredconditionals="0" methods="1" coveredmethods="1"/>
        <line num="6" count="1" type="stmt"/>
        <line num="7" count="1" type="stmt"/>
      </file>
      <file name="Header.styles.js" path="C:\Users\arpsahoo\pokemonGoApp\src\components\molecules\header\Header.styles.js">
        <metrics statements="2" coveredstatements="2" conditionals="0" coveredconditionals="0" methods="0" coveredmethods="0"/>
        <line num="1" count="1" type="stmt"/>
        <line num="3" count="1" type="stmt"/>
      </file>
      <file name="constants.js" path="C:\Users\arpsahoo\pokemonGoApp\src\components\molecules\header\constants.js">
        <metrics statements="2" coveredstatements="2" conditionals="0" coveredconditionals="0" methods="0" coveredmethods="0"/>
        <line num="1" count="1" type="stmt"/>
        <line num="3" count="1" type="stmt"/>
      </file>
    </package>
    <package name="components.molecules.pokemonChips">
      <metrics statements="6" coveredstatements="6" conditionals="6" coveredconditionals="4" methods="2" coveredmethods="2"/>
      <file name="PokemonChips.jsx" path="C:\Users\arpsahoo\pokemonGoApp\src\components\molecules\pokemonChips\PokemonChips.jsx">
        <metrics statements="6" coveredstatements="6" conditionals="6" coveredconditionals="4" methods="2" coveredmethods="2"/>
        <line num="7" count="6" type="stmt"/>
        <line num="8" count="3" type="stmt"/>
        <line num="11" count="6" type="stmt"/>
        <line num="13" count="6" type="cond" truecount="3" falsecount="1"/>
        <line num="16" count="6" type="stmt"/>
        <line num="17" count="6" type="stmt"/>
      </file>
    </package>
    <package name="components.molecules.pokemonFeatures">
      <metrics statements="5" coveredstatements="5" conditionals="0" coveredconditionals="0" methods="2" coveredmethods="2"/>
      <file name="PokemonFeatures.jsx" path="C:\Users\arpsahoo\pokemonGoApp\src\components\molecules\pokemonFeatures\PokemonFeatures.jsx">
        <metrics statements="4" coveredstatements="4" conditionals="0" coveredconditionals="0" methods="2" coveredmethods="2"/>
        <line num="7" count="1" type="stmt"/>
        <line num="8" count="1" type="stmt"/>
        <line num="9" count="1" type="stmt"/>
        <line num="12" count="7" type="stmt"/>
      </file>
      <file name="PokemonFeatures.styles.js" path="C:\Users\arpsahoo\pokemonGoApp\src\components\molecules\pokemonFeatures\PokemonFeatures.styles.js">
        <metrics statements="1" coveredstatements="1" conditionals="0" coveredconditionals="0" methods="0" coveredmethods="0"/>
        <line num="3" count="1" type="stmt"/>
      </file>
    </package>
    <package name="components.molecules.pokemonFilterModal">
      <metrics statements="12" coveredstatements="7" conditionals="2" coveredconditionals="2" methods="6" coveredmethods="2"/>
      <file name="PokemonFilterModal.jsx" path="C:\Users\arpsahoo\pokemonGoApp\src\components\molecules\pokemonFilterModal\PokemonFilterModal.jsx">
        <metrics statements="11" coveredstatements="6" conditionals="2" coveredconditionals="2" methods="6" coveredmethods="2"/>
        <line num="7" count="1" type="stmt"/>
        <line num="12" count="2" type="stmt"/>
        <line num="15" count="1" type="stmt"/>
        <line num="16" count="0" type="stmt"/>
        <line num="17" count="0" type="stmt"/>
        <line num="19" count="1" type="stmt"/>
        <line num="20" count="1" type="stmt"/>
        <line num="23" count="2" type="stmt"/>
        <line num="55" count="0" type="stmt"/>
        <line num="56" count="0" type="stmt"/>
        <line num="61" count="0" type="stmt"/>
      </file>
      <file name="PokemonFilterModal.styles.js" path="C:\Users\arpsahoo\pokemonGoApp\src\components\molecules\pokemonFilterModal\PokemonFilterModal.styles.js">
        <metrics statements="1" coveredstatements="1" conditionals="0" coveredconditionals="0" methods="0" coveredmethods="0"/>
        <line num="3" count="1" type="stmt"/>
      </file>
    </package>
    <package name="components.molecules.pokemonList">
      <metrics statements="5" coveredstatements="0" conditionals="0" coveredconditionals="0" methods="4" coveredmethods="0"/>
      <file name="PokemonList.jsx" path="C:\Users\arpsahoo\pokemonGoApp\src\components\molecules\pokemonList\PokemonList.jsx">
        <metrics statements="5" coveredstatements="0" conditionals="0" coveredconditionals="0" methods="4" coveredmethods="0"/>
        <line num="5" count="0" type="stmt"/>
        <line num="6" count="0" type="stmt"/>
        <line num="10" count="0" type="stmt"/>
        <line num="14" count="0" type="stmt"/>
        <line num="21" count="0" type="stmt"/>
      </file>
    </package>
    <package name="components.molecules.pokemonStats">
      <metrics statements="3" coveredstatements="3" conditionals="1" coveredconditionals="0" methods="2" coveredmethods="2"/>
      <file name="PokemonStats.jsx" path="C:\Users\arpsahoo\pokemonGoApp\src\components\molecules\pokemonStats\PokemonStats.jsx">
        <metrics statements="3" coveredstatements="3" conditionals="1" coveredconditionals="0" methods="2" coveredmethods="2"/>
        <line num="5" count="1" type="cond" truecount="0" falsecount="1"/>
        <line num="6" count="1" type="stmt"/>
        <line num="11" count="1" type="stmt"/>
      </file>
      <file name="PokemonStats.styles.js" path="C:\Users\arpsahoo\pokemonGoApp\src\components\molecules\pokemonStats\PokemonStats.styles.js">
        <metrics statements="0" coveredstatements="0" conditionals="0" coveredconditionals="0" methods="0" coveredmethods="0"/>
      </file>
    </package>
    <package name="components.molecules.pokemonTypesFilter">
      <metrics statements="16" coveredstatements="1" conditionals="5" coveredconditionals="0" methods="9" coveredmethods="0"/>
      <file name="PokemonTypesFilter.jsx" path="C:\Users\arpsahoo\pokemonGoApp\src\components\molecules\pokemonTypesFilter\PokemonTypesFilter.jsx">
        <metrics statements="16" coveredstatements="1" conditionals="5" coveredconditionals="0" methods="9" coveredmethods="0"/>
        <line num="6" count="1" type="stmt"/>
        <line num="7" count="0" type="stmt"/>
        <line num="9" count="0" type="cond" truecount="0" falsecount="2"/>
        <line num="12" count="0" type="stmt"/>
        <line num="14" count="0" type="stmt"/>
        <line num="15" count="0" type="stmt"/>
        <line num="16" count="0" type="stmt"/>
        <line num="18" count="0" type="stmt"/>
        <line num="22" count="0" type="stmt"/>
        <line num="26" count="0" type="stmt"/>
        <line num="27" count="0" type="cond" truecount="0" falsecount="2"/>
        <line num="34" count="0" type="stmt"/>
        <line num="37" count="0" type="stmt"/>
        <line num="42" count="0" type="stmt"/>
        <line num="44" count="0" type="stmt"/>
        <line num="48" count="0" type="stmt"/>
      </file>
    </package>
    <package name="constants">
      <metrics statements="2" coveredstatements="2" conditionals="0" coveredconditionals="0" methods="0" coveredmethods="0"/>
      <file name="axiosConfig.js" path="C:\Users\arpsahoo\pokemonGoApp\src\constants\axiosConfig.js">
        <metrics statements="1" coveredstatements="1" conditionals="0" coveredconditionals="0" methods="0" coveredmethods="0"/>
        <line num="4" count="2" type="stmt"/>
      </file>
      <file name="constants.js" path="C:\Users\arpsahoo\pokemonGoApp\src\constants\constants.js">
        <metrics statements="1" coveredstatements="1" conditionals="0" coveredconditionals="0" methods="0" coveredmethods="0"/>
        <line num="1" count="6" type="stmt"/>
      </file>
    </package>
    <package name="context">
      <metrics statements="5" coveredstatements="2" conditionals="0" coveredconditionals="0" methods="2" coveredmethods="0"/>
      <file name="PokemonContext.js" path="C:\Users\arpsahoo\pokemonGoApp\src\context\PokemonContext.js">
        <metrics statements="5" coveredstatements="2" conditionals="0" coveredconditionals="0" methods="2" coveredmethods="0"/>
        <line num="4" count="1" type="stmt"/>
        <line num="24" count="1" type="stmt"/>
        <line num="25" count="0" type="stmt"/>
        <line num="28" count="0" type="stmt"/>
        <line num="30" count="0" type="stmt"/>
      </file>
    </package>
    <package name="reducers">
      <metrics statements="3" coveredstatements="0" conditionals="2" coveredconditionals="0" methods="1" coveredmethods="0"/>
      <file name="pokemonReducer.js" path="C:\Users\arpsahoo\pokemonGoApp\src\reducers\pokemonReducer.js">
        <metrics statements="3" coveredstatements="0" conditionals="2" coveredconditionals="0" methods="1" coveredmethods="0"/>
        <line num="2" count="0" type="cond" truecount="0" falsecount="2"/>
        <line num="4" count="0" type="stmt"/>
        <line num="9" count="0" type="stmt"/>
      </file>
    </package>
    <package name="screens.pokemonDetailsPage">
      <metrics statements="21" coveredstatements="0" conditionals="6" coveredconditionals="0" methods="10" coveredmethods="0"/>
      <file name="PokemonDetailsPage.jsx" path="C:\Users\arpsahoo\pokemonGoApp\src\screens\pokemonDetailsPage\PokemonDetailsPage.jsx">
        <metrics statements="20" coveredstatements="0" conditionals="6" coveredconditionals="0" methods="10" coveredmethods="0"/>
        <line num="24" count="0" type="stmt"/>
        <line num="25" count="0" type="stmt"/>
        <line num="26" count="0" type="stmt"/>
        <line num="28" count="0" type="stmt"/>
        <line num="30" count="0" type="stmt"/>
        <line num="31" count="0" type="stmt"/>
        <line num="35" count="0" type="cond" truecount="0" falsecount="2"/>
        <line num="36" count="0" type="stmt"/>
        <line num="41" count="0" type="stmt"/>
        <line num="46" count="0" type="stmt"/>
        <line num="47" count="0" type="stmt"/>
        <line num="52" count="0" type="stmt"/>
        <line num="57" count="0" type="stmt"/>
        <line num="60" count="0" type="stmt"/>
        <line num="63" count="0" type="stmt"/>
        <line num="65" count="0" type="stmt"/>
        <line num="81" count="0" type="stmt"/>
        <line num="98" count="0" type="stmt"/>
        <line num="110" count="0" type="stmt"/>
        <line num="117" count="0" type="stmt"/>
      </file>
      <file name="PokemonDetailsPage.styles.js" path="C:\Users\arpsahoo\pokemonGoApp\src\screens\pokemonDetailsPage\PokemonDetailsPage.styles.js">
        <metrics statements="1" coveredstatements="0" conditionals="0" coveredconditionals="0" methods="0" coveredmethods="0"/>
        <line num="3" count="0" type="stmt"/>
      </file>
    </package>
    <package name="screens.pokemonListingPage">
      <metrics statements="37" coveredstatements="0" conditionals="8" coveredconditionals="0" methods="14" coveredmethods="0"/>
      <file name="PokemonListingPage.jsx" path="C:\Users\arpsahoo\pokemonGoApp\src\screens\pokemonListingPage\PokemonListingPage.jsx">
        <metrics statements="36" coveredstatements="0" conditionals="8" coveredconditionals="0" methods="14" coveredmethods="0"/>
        <line num="11" count="0" type="stmt"/>
        <line num="12" count="0" type="stmt"/>
        <line num="17" count="0" type="stmt"/>
        <line num="19" count="0" type="stmt"/>
        <line num="20" count="0" type="stmt"/>
        <line num="21" count="0" type="stmt"/>
        <line num="24" count="0" type="stmt"/>
        <line num="25" count="0" type="stmt"/>
        <line num="27" count="0" type="stmt"/>
        <line num="29" count="0" type="stmt"/>
        <line num="30" count="0" type="stmt"/>
        <line num="34" count="0" type="stmt"/>
        <line num="35" count="0" type="stmt"/>
        <line num="40" count="0" type="stmt"/>
        <line num="42" count="0" type="stmt"/>
        <line num="49" count="0" type="stmt"/>
        <line num="52" count="0" type="stmt"/>
        <line num="55" count="0" type="cond" truecount="0" falsecount="2"/>
        <line num="57" count="0" type="stmt"/>
        <line num="64" count="0" type="cond" truecount="0" falsecount="2"/>
        <line num="66" count="0" type="stmt"/>
        <line num="67" count="0" type="stmt"/>
        <line num="72" count="0" type="stmt"/>
        <line num="75" count="0" type="stmt"/>
        <line num="86" count="0" type="stmt"/>
        <line num="87" count="0" type="stmt"/>
        <line num="88" count="0" type="stmt"/>
        <line num="93" count="0" type="stmt"/>
        <line num="99" count="0" type="stmt"/>
        <line num="111" count="0" type="stmt"/>
        <line num="114" count="0" type="stmt"/>
        <line num="115" count="0" type="stmt"/>
        <line num="116" count="0" type="stmt"/>
        <line num="121" count="0" type="stmt"/>
        <line num="131" count="0" type="stmt"/>
        <line num="135" count="0" type="stmt"/>
      </file>
      <file name="PokemonListingPage.styles.js" path="C:\Users\arpsahoo\pokemonGoApp\src\screens\pokemonListingPage\PokemonListingPage.styles.js">
        <metrics statements="1" coveredstatements="0" conditionals="0" coveredconditionals="0" methods="0" coveredmethods="0"/>
        <line num="3" count="0" type="stmt"/>
      </file>
    </package>
    <package name="services">
      <metrics statements="14" coveredstatements="12" conditionals="2" coveredconditionals="1" methods="6" coveredmethods="5"/>
      <file name="api.js" path="C:\Users\arpsahoo\pokemonGoApp\src\services\api.js">
        <metrics statements="14" coveredstatements="12" conditionals="2" coveredconditionals="1" methods="6" coveredmethods="5"/>
        <line num="4" count="1" type="stmt"/>
        <line num="8" count="2" type="stmt"/>
        <line num="9" count="2" type="cond" truecount="1" falsecount="1"/>
        <line num="10" count="1" type="stmt"/>
        <line num="12" count="0" type="stmt"/>
        <line num="13" count="0" type="stmt"/>
        <line num="16" count="1" type="stmt"/>
        <line num="18" count="1" type="stmt"/>
        <line num="23" count="2" type="stmt"/>
        <line num="24" count="2" type="stmt"/>
        <line num="25" count="1" type="stmt"/>
        <line num="27" count="1" type="stmt"/>
        <line num="32" count="1" type="stmt"/>
        <line num="36" count="2" type="stmt"/>
      </file>
    </package>
    <package name="util">
      <metrics statements="19" coveredstatements="19" conditionals="6" coveredconditionals="3" methods="8" coveredmethods="8"/>
      <file name="utils.js" path="C:\Users\arpsahoo\pokemonGoApp\src\util\utils.js">
        <metrics statements="19" coveredstatements="19" conditionals="6" coveredconditionals="3" methods="8" coveredmethods="8"/>
        <line num="5" count="2" type="stmt"/>
        <line num="6" count="2" type="stmt"/>
        <line num="7" count="1" type="stmt"/>
        <line num="12" count="2" type="stmt"/>
        <line num="16" count="2" type="stmt"/>
        <line num="17" count="2" type="stmt"/>
        <line num="18" count="1" type="stmt"/>
        <line num="23" count="2" type="stmt"/>
        <line num="27" count="1" type="stmt"/>
        <line num="29" count="1" type="stmt"/>
        <line num="31" count="1" type="stmt"/>
        <line num="33" count="1" type="stmt"/>
        <line num="35" count="1" type="stmt"/>
        <line num="39" count="1" type="stmt"/>
        <line num="43" count="9" type="stmt"/>
        <line num="44" count="9" type="stmt"/>
        <line num="48" count="1" type="stmt"/>
        <line num="128" count="1" type="cond" truecount="1" falsecount="1"/>
        <line num="137" count="1" type="stmt"/>
      </file>
    </package>
  </project>
</coverage>
