{"C:\\Users\\arpsahoo\\pokemonGoApp\\src\\components\\atoms\\accordionItem\\AccordionItem.jsx": {"path":"C:\\Users\\arpsahoo\\pokemonGoApp\\src\\components\\atoms\\accordionItem\\AccordionItem.jsx","statementMap":{"0":{"start":{"line":5,"column":22},"end":{"line":27,"column":1}},"1":{"start":{"line":6,"column":34},"end":{"line":6,"column":49}},"2":{"start":{"line":8,"column":2},"end":{"line":26,"column":4}},"3":{"start":{"line":16,"column":25},"end":{"line":16,"column":47}}},"fnMap":{"0":{"name":"(anonymous_0)","decl":{"start":{"line":5,"column":22},"end":{"line":5,"column":23}},"loc":{"start":{"line":5,"column":45},"end":{"line":27,"column":1}},"line":5},"1":{"name":"(anonymous_1)","decl":{"start":{"line":16,"column":19},"end":{"line":16,"column":20}},"loc":{"start":{"line":16,"column":25},"end":{"line":16,"column":47}},"line":16}},"branchMap":{"0":{"loc":{"start":{"line":20,"column":7},"end":{"line":24,"column":7}},"type":"binary-expr","locations":[{"start":{"line":20,"column":7},"end":{"line":20,"column":15}},{"start":{"line":21,"column":8},"end":{"line":23,"column":15}}],"line":20}},"s":{"0":3,"1":5,"2":5,"3":1},"f":{"0":5,"1":1},"b":{"0":[5,1]},"_coverageSchema":"1a1c01bbd47fc00a2c39e90264f33305004495a9","hash":"3874295956a3d76bdf5c5c368da1a2b7956c3fb7"}
,"C:\\Users\\arpsahoo\\pokemonGoApp\\src\\components\\atoms\\accordionItem\\AccordionItem.styles.js": {"path":"C:\\Users\\arpsahoo\\pokemonGoApp\\src\\components\\atoms\\accordionItem\\AccordionItem.styles.js","statementMap":{"0":{"start":{"line":3,"column":22},"end":{"line":47,"column":2}}},"fnMap":{},"branchMap":{},"s":{"0":3},"f":{},"b":{},"_coverageSchema":"1a1c01bbd47fc00a2c39e90264f33305004495a9","hash":"0442b7d652c4a6819d118ec9004c6304a0ce2e13"}
,"C:\\Users\\arpsahoo\\pokemonGoApp\\src\\components\\atoms\\checkboxItem\\CheckboxItem.jsx": {"path":"C:\\Users\\arpsahoo\\pokemonGoApp\\src\\components\\atoms\\checkboxItem\\CheckboxItem.jsx","statementMap":{"0":{"start":{"line":7,"column":21},"end":{"line":19,"column":1}},"1":{"start":{"line":8,"column":2},"end":{"line":18,"column":4}},"2":{"start":{"line":13,"column":35},"end":{"line":13,"column":58}}},"fnMap":{"0":{"name":"(anonymous_0)","decl":{"start":{"line":7,"column":21},"end":{"line":7,"column":22}},"loc":{"start":{"line":7,"column":56},"end":{"line":19,"column":1}},"line":7},"1":{"name":"(anonymous_1)","decl":{"start":{"line":13,"column":23},"end":{"line":13,"column":24}},"loc":{"start":{"line":13,"column":35},"end":{"line":13,"column":58}},"line":13}},"branchMap":{},"s":{"0":4,"1":1,"2":0},"f":{"0":1,"1":0},"b":{},"_coverageSchema":"1a1c01bbd47fc00a2c39e90264f33305004495a9","hash":"b01ac3b82ccec5cbbacb558795e03ff9942c34bf"}
,"C:\\Users\\arpsahoo\\pokemonGoApp\\src\\components\\atoms\\checkboxItem\\CheckboxItem.styles.js": {"path":"C:\\Users\\arpsahoo\\pokemonGoApp\\src\\components\\atoms\\checkboxItem\\CheckboxItem.styles.js","statementMap":{"0":{"start":{"line":2,"column":22},"end":{"line":10,"column":2}}},"fnMap":{},"branchMap":{},"s":{"0":4},"f":{},"b":{},"_coverageSchema":"1a1c01bbd47fc00a2c39e90264f33305004495a9","hash":"322ed17a8f312f47c9c4a0b47f25f4099320b7de"}
,"C:\\Users\\arpsahoo\\pokemonGoApp\\src\\components\\atoms\\modal\\PokemonModal.jsx": {"path":"C:\\Users\\arpsahoo\\pokemonGoApp\\src\\components\\atoms\\modal\\PokemonModal.jsx","statementMap":{"0":{"start":{"line":4,"column":21},"end":{"line":14,"column":1}},"1":{"start":{"line":5,"column":2},"end":{"line":13,"column":4}}},"fnMap":{"0":{"name":"(anonymous_0)","decl":{"start":{"line":4,"column":21},"end":{"line":4,"column":22}},"loc":{"start":{"line":4,"column":62},"end":{"line":14,"column":1}},"line":4}},"branchMap":{},"s":{"0":3,"1":4},"f":{"0":4},"b":{},"_coverageSchema":"1a1c01bbd47fc00a2c39e90264f33305004495a9","hash":"590c9c9b17c166e7c6d5ba3060b849604e3cba7a"}
,"C:\\Users\\arpsahoo\\pokemonGoApp\\src\\components\\atoms\\pokemonCard\\PokemonCard.jsx": {"path":"C:\\Users\\arpsahoo\\pokemonGoApp\\src\\components\\atoms\\pokemonCard\\PokemonCard.jsx","statementMap":{"0":{"start":{"line":7,"column":20},"end":{"line":19,"column":1}},"1":{"start":{"line":8,"column":17},"end":{"line":8,"column":70}},"2":{"start":{"line":8,"column":49},"end":{"line":8,"column":69}},"3":{"start":{"line":10,"column":2},"end":{"line":18,"column":4}},"4":{"start":{"line":22,"column":2},"end":{"line":42,"column":4}}},"fnMap":{"0":{"name":"(anonymous_0)","decl":{"start":{"line":7,"column":20},"end":{"line":7,"column":21}},"loc":{"start":{"line":7,"column":71},"end":{"line":19,"column":1}},"line":7},"1":{"name":"(anonymous_1)","decl":{"start":{"line":8,"column":37},"end":{"line":8,"column":38}},"loc":{"start":{"line":8,"column":49},"end":{"line":8,"column":69}},"line":8},"2":{"name":"displayPokemonCardData","decl":{"start":{"line":21,"column":9},"end":{"line":21,"column":31}},"loc":{"start":{"line":21,"column":69},"end":{"line":43,"column":1}},"line":21}},"branchMap":{"0":{"loc":{"start":{"line":10,"column":9},"end":{"line":18,"column":3}},"type":"cond-expr","locations":[{"start":{"line":11,"column":4},"end":{"line":13,"column":21}},{"start":{"line":15,"column":4},"end":{"line":17,"column":11}}],"line":10},"1":{"loc":{"start":{"line":33,"column":7},"end":{"line":40,"column":7}},"type":"binary-expr","locations":[{"start":{"line":33,"column":7},"end":{"line":33,"column":24}},{"start":{"line":34,"column":8},"end":{"line":39,"column":11}}],"line":33}},"s":{"0":3,"1":1,"2":2,"3":1,"4":1},"f":{"0":1,"1":2,"2":1},"b":{"0":[1,0],"1":[1,0]},"_coverageSchema":"1a1c01bbd47fc00a2c39e90264f33305004495a9","hash":"e427f27719f6371250e2bf788141dfe249805487"}
,"C:\\Users\\arpsahoo\\pokemonGoApp\\src\\components\\atoms\\pokemonCard\\PokemonCard.styles.js": {"path":"C:\\Users\\arpsahoo\\pokemonGoApp\\src\\components\\atoms\\pokemonCard\\PokemonCard.styles.js","statementMap":{"0":{"start":{"line":2,"column":28},"end":{"line":32,"column":2}}},"fnMap":{},"branchMap":{},"s":{"0":3},"f":{},"b":{},"_coverageSchema":"1a1c01bbd47fc00a2c39e90264f33305004495a9","hash":"ba6e9400069abbfd4aa273b74c32c1e45453a0fe"}
,"C:\\Users\\arpsahoo\\pokemonGoApp\\src\\components\\atoms\\pokemonChip\\PokemonChip.jsx": {"path":"C:\\Users\\arpsahoo\\pokemonGoApp\\src\\components\\atoms\\pokemonChip\\PokemonChip.jsx","statementMap":{"0":{"start":{"line":4,"column":20},"end":{"line":10,"column":1}},"1":{"start":{"line":5,"column":2},"end":{"line":9,"column":4}}},"fnMap":{"0":{"name":"(anonymous_0)","decl":{"start":{"line":4,"column":20},"end":{"line":4,"column":21}},"loc":{"start":{"line":4,"column":50},"end":{"line":10,"column":1}},"line":4}},"branchMap":{},"s":{"0":9,"1":7},"f":{"0":7},"b":{},"_coverageSchema":"1a1c01bbd47fc00a2c39e90264f33305004495a9","hash":"14447a7c7bf84312a80f7c532bd13b8781aae8b3"}
,"C:\\Users\\arpsahoo\\pokemonGoApp\\src\\components\\atoms\\pokemonChip\\PokemonChip.styles.js": {"path":"C:\\Users\\arpsahoo\\pokemonGoApp\\src\\components\\atoms\\pokemonChip\\PokemonChip.styles.js","statementMap":{"0":{"start":{"line":2,"column":22},"end":{"line":10,"column":2}}},"fnMap":{},"branchMap":{},"s":{"0":9},"f":{},"b":{},"_coverageSchema":"1a1c01bbd47fc00a2c39e90264f33305004495a9","hash":"f031ab40365ec1ff7175c6ceaf96712ec96f4706"}
,"C:\\Users\\arpsahoo\\pokemonGoApp\\src\\components\\atoms\\pokemonFeature\\PokemonFeature.jsx": {"path":"C:\\Users\\arpsahoo\\pokemonGoApp\\src\\components\\atoms\\pokemonFeature\\PokemonFeature.jsx","statementMap":{"0":{"start":{"line":4,"column":23},"end":{"line":23,"column":1}},"1":{"start":{"line":5,"column":2},"end":{"line":22,"column":4}}},"fnMap":{"0":{"name":"(anonymous_0)","decl":{"start":{"line":4,"column":23},"end":{"line":4,"column":24}},"loc":{"start":{"line":4,"column":55},"end":{"line":23,"column":1}},"line":4}},"branchMap":{"0":{"loc":{"start":{"line":9,"column":15},"end":{"line":9,"column":41}},"type":"cond-expr","locations":[{"start":{"line":9,"column":27},"end":{"line":9,"column":33}},{"start":{"line":9,"column":36},"end":{"line":9,"column":41}}],"line":9}},"s":{"0":3,"1":8},"f":{"0":8},"b":{"0":[1,7]},"_coverageSchema":"1a1c01bbd47fc00a2c39e90264f33305004495a9","hash":"b960cbf6272ebbee2dd203bd25fa0323842e7988"}
,"C:\\Users\\arpsahoo\\pokemonGoApp\\src\\components\\atoms\\progressBar\\ProgressBar.jsx": {"path":"C:\\Users\\arpsahoo\\pokemonGoApp\\src\\components\\atoms\\progressBar\\ProgressBar.jsx","statementMap":{"0":{"start":{"line":6,"column":20},"end":{"line":22,"column":1}},"1":{"start":{"line":7,"column":2},"end":{"line":21,"column":4}}},"fnMap":{"0":{"name":"(anonymous_0)","decl":{"start":{"line":6,"column":20},"end":{"line":6,"column":21}},"loc":{"start":{"line":6,"column":40},"end":{"line":22,"column":1}},"line":6}},"branchMap":{},"s":{"0":3,"1":2},"f":{"0":2},"b":{},"_coverageSchema":"1a1c01bbd47fc00a2c39e90264f33305004495a9","hash":"60ee1950344520e5790380ec51356a9b41b93827"}
,"C:\\Users\\arpsahoo\\pokemonGoApp\\src\\components\\atoms\\progressBar\\ProgressBar.styles.js": {"path":"C:\\Users\\arpsahoo\\pokemonGoApp\\src\\components\\atoms\\progressBar\\ProgressBar.styles.js","statementMap":{"0":{"start":{"line":2,"column":22},"end":{"line":26,"column":2}}},"fnMap":{},"branchMap":{},"s":{"0":3},"f":{},"b":{},"_coverageSchema":"1a1c01bbd47fc00a2c39e90264f33305004495a9","hash":"dcde365773ee031b9aa7e67cc8bfae42f757a0ad"}
,"C:\\Users\\arpsahoo\\pokemonGoApp\\src\\components\\atoms\\searchInput\\SearchInput.jsx": {"path":"C:\\Users\\arpsahoo\\pokemonGoApp\\src\\components\\atoms\\searchInput\\SearchInput.jsx","statementMap":{"0":{"start":{"line":5,"column":20},"end":{"line":22,"column":1}},"1":{"start":{"line":6,"column":2},"end":{"line":21,"column":4}},"2":{"start":{"line":11,"column":10},"end":{"line":11,"column":31}}},"fnMap":{"0":{"name":"(anonymous_0)","decl":{"start":{"line":5,"column":20},"end":{"line":5,"column":21}},"loc":{"start":{"line":5,"column":54},"end":{"line":22,"column":1}},"line":5},"1":{"name":"(anonymous_1)","decl":{"start":{"line":10,"column":22},"end":{"line":10,"column":23}},"loc":{"start":{"line":10,"column":30},"end":{"line":12,"column":9}},"line":10}},"branchMap":{},"s":{"0":2,"1":3,"2":1},"f":{"0":3,"1":1},"b":{},"_coverageSchema":"1a1c01bbd47fc00a2c39e90264f33305004495a9","hash":"0e564cc2000a78362bb1d2ce9eadcb9c879bf9bc"}
,"C:\\Users\\arpsahoo\\pokemonGoApp\\src\\components\\atoms\\searchInput\\SearchInput.styles.js": {"path":"C:\\Users\\arpsahoo\\pokemonGoApp\\src\\components\\atoms\\searchInput\\SearchInput.styles.js","statementMap":{"0":{"start":{"line":2,"column":22},"end":{"line":19,"column":2}}},"fnMap":{},"branchMap":{},"s":{"0":2},"f":{},"b":{},"_coverageSchema":"1a1c01bbd47fc00a2c39e90264f33305004495a9","hash":"39b3f8d7ce9125ced016a26dfc43f6a4864f0649"}
,"C:\\Users\\arpsahoo\\pokemonGoApp\\src\\components\\molecules\\header\\Header.jsx": {"path":"C:\\Users\\arpsahoo\\pokemonGoApp\\src\\components\\molecules\\header\\Header.jsx","statementMap":{"0":{"start":{"line":6,"column":15},"end":{"line":13,"column":1}},"1":{"start":{"line":7,"column":2},"end":{"line":12,"column":4}}},"fnMap":{"0":{"name":"(anonymous_0)","decl":{"start":{"line":6,"column":15},"end":{"line":6,"column":16}},"loc":{"start":{"line":6,"column":21},"end":{"line":13,"column":1}},"line":6}},"branchMap":{},"s":{"0":2,"1":2},"f":{"0":2},"b":{},"_coverageSchema":"1a1c01bbd47fc00a2c39e90264f33305004495a9","hash":"b45041fc964d73abaceba0c98400412939e83965"}
,"C:\\Users\\arpsahoo\\pokemonGoApp\\src\\components\\molecules\\header\\Header.styles.js": {"path":"C:\\Users\\arpsahoo\\pokemonGoApp\\src\\components\\molecules\\header\\Header.styles.js","statementMap":{"0":{"start":{"line":1,"column":21},"end":{"line":1,"column":44}},"1":{"start":{"line":3,"column":21},"end":{"line":23,"column":2}}},"fnMap":{},"branchMap":{},"s":{"0":2,"1":2},"f":{},"b":{},"_coverageSchema":"1a1c01bbd47fc00a2c39e90264f33305004495a9","hash":"b4fd96c3dee78a579f6fbd002bd9e97a3a72f6d1"}
,"C:\\Users\\arpsahoo\\pokemonGoApp\\src\\components\\molecules\\header\\constants.js": {"path":"C:\\Users\\arpsahoo\\pokemonGoApp\\src\\components\\molecules\\header\\constants.js","statementMap":{"0":{"start":{"line":1,"column":22},"end":{"line":1,"column":31}},"1":{"start":{"line":3,"column":2},"end":{"line":3,"column":53}}},"fnMap":{},"branchMap":{},"s":{"0":2,"1":2},"f":{},"b":{},"_coverageSchema":"1a1c01bbd47fc00a2c39e90264f33305004495a9","hash":"faef6de55705b95efbcecf960c791246d015d2d3"}
,"C:\\Users\\arpsahoo\\pokemonGoApp\\src\\components\\molecules\\pokemonChips\\PokemonChips.jsx": {"path":"C:\\Users\\arpsahoo\\pokemonGoApp\\src\\components\\molecules\\pokemonChips\\PokemonChips.jsx","statementMap":{"0":{"start":{"line":7,"column":21},"end":{"line":27,"column":1}},"1":{"start":{"line":8,"column":2},"end":{"line":26,"column":4}},"2":{"start":{"line":11,"column":8},"end":{"line":11,"column":75}},"3":{"start":{"line":13,"column":10},"end":{"line":15,"column":30}},"4":{"start":{"line":17,"column":8},"end":{"line":23,"column":10}}},"fnMap":{"0":{"name":"(anonymous_0)","decl":{"start":{"line":7,"column":21},"end":{"line":7,"column":22}},"loc":{"start":{"line":7,"column":50},"end":{"line":27,"column":1}},"line":7},"1":{"name":"(anonymous_1)","decl":{"start":{"line":10,"column":26},"end":{"line":10,"column":27}},"loc":{"start":{"line":10,"column":43},"end":{"line":24,"column":7}},"line":10}},"branchMap":{"0":{"loc":{"start":{"line":13,"column":10},"end":{"line":15,"column":30}},"type":"cond-expr","locations":[{"start":{"line":14,"column":14},"end":{"line":14,"column":37}},{"start":{"line":15,"column":14},"end":{"line":15,"column":30}}],"line":13},"1":{"loc":{"start":{"line":13,"column":10},"end":{"line":13,"column":42}},"type":"binary-expr","locations":[{"start":{"line":13,"column":10},"end":{"line":13,"column":22}},{"start":{"line":13,"column":26},"end":{"line":13,"column":42}}],"line":13}},"s":{"0":8,"1":3,"2":6,"3":6,"4":6},"f":{"0":3,"1":6},"b":{"0":[0,6],"1":[6,2]},"_coverageSchema":"1a1c01bbd47fc00a2c39e90264f33305004495a9","hash":"a4dea954298fba02ca162a5539dc5eb2c6eb637e"}
,"C:\\Users\\arpsahoo\\pokemonGoApp\\src\\components\\molecules\\pokemonFeatures\\PokemonFeatures.jsx": {"path":"C:\\Users\\arpsahoo\\pokemonGoApp\\src\\components\\molecules\\pokemonFeatures\\PokemonFeatures.jsx","statementMap":{"0":{"start":{"line":7,"column":24},"end":{"line":22,"column":1}},"1":{"start":{"line":8,"column":26},"end":{"line":8,"column":53}},"2":{"start":{"line":9,"column":2},"end":{"line":21,"column":4}},"3":{"start":{"line":12,"column":8},"end":{"line":18,"column":10}}},"fnMap":{"0":{"name":"(anonymous_0)","decl":{"start":{"line":7,"column":24},"end":{"line":7,"column":25}},"loc":{"start":{"line":7,"column":39},"end":{"line":22,"column":1}},"line":7},"1":{"name":"(anonymous_1)","decl":{"start":{"line":11,"column":27},"end":{"line":11,"column":28}},"loc":{"start":{"line":11,"column":47},"end":{"line":19,"column":7}},"line":11}},"branchMap":{},"s":{"0":2,"1":1,"2":1,"3":7},"f":{"0":1,"1":7},"b":{},"_coverageSchema":"1a1c01bbd47fc00a2c39e90264f33305004495a9","hash":"dab831b6c4ac2bcb40d7acceccc2a553ae3777bf"}
,"C:\\Users\\arpsahoo\\pokemonGoApp\\src\\components\\molecules\\pokemonFeatures\\PokemonFeatures.styles.js": {"path":"C:\\Users\\arpsahoo\\pokemonGoApp\\src\\components\\molecules\\pokemonFeatures\\PokemonFeatures.styles.js","statementMap":{"0":{"start":{"line":3,"column":22},"end":{"line":10,"column":2}}},"fnMap":{},"branchMap":{},"s":{"0":2},"f":{},"b":{},"_coverageSchema":"1a1c01bbd47fc00a2c39e90264f33305004495a9","hash":"cd4f3dbffb0c599b90766ccc772352bce1311d0e"}
,"C:\\Users\\arpsahoo\\pokemonGoApp\\src\\components\\molecules\\pokemonFilterModal\\PokemonFilterModal.jsx": {"path":"C:\\Users\\arpsahoo\\pokemonGoApp\\src\\components\\molecules\\pokemonFilterModal\\PokemonFilterModal.jsx","statementMap":{"0":{"start":{"line":7,"column":27},"end":{"line":73,"column":1}},"1":{"start":{"line":12,"column":42},"end":{"line":12,"column":54}},"2":{"start":{"line":15,"column":26},"end":{"line":17,"column":29}},"3":{"start":{"line":16,"column":25},"end":{"line":16,"column":42}},"4":{"start":{"line":17,"column":19},"end":{"line":17,"column":28}},"5":{"start":{"line":19,"column":4},"end":{"line":19,"column":36}},"6":{"start":{"line":20,"column":4},"end":{"line":20,"column":35}},"7":{"start":{"line":23,"column":2},"end":{"line":72,"column":4}},"8":{"start":{"line":53,"column":35},"end":{"line":58,"column":16}},"9":{"start":{"line":54,"column":16},"end":{"line":57,"column":18}},"10":{"start":{"line":59,"column":14},"end":{"line":59,"column":44}}},"fnMap":{"0":{"name":"(anonymous_0)","decl":{"start":{"line":7,"column":27},"end":{"line":7,"column":28}},"loc":{"start":{"line":11,"column":6},"end":{"line":73,"column":1}},"line":11},"1":{"name":"handleUpdateFilterData","decl":{"start":{"line":14,"column":11},"end":{"line":14,"column":33}},"loc":{"start":{"line":14,"column":36},"end":{"line":21,"column":3}},"line":14},"2":{"name":"(anonymous_2)","decl":{"start":{"line":16,"column":14},"end":{"line":16,"column":15}},"loc":{"start":{"line":16,"column":25},"end":{"line":16,"column":42}},"line":16},"3":{"name":"(anonymous_3)","decl":{"start":{"line":17,"column":11},"end":{"line":17,"column":12}},"loc":{"start":{"line":17,"column":19},"end":{"line":17,"column":28}},"line":17},"4":{"name":"(anonymous_4)","decl":{"start":{"line":52,"column":21},"end":{"line":52,"column":22}},"loc":{"start":{"line":52,"column":27},"end":{"line":60,"column":13}},"line":52},"5":{"name":"(anonymous_5)","decl":{"start":{"line":53,"column":52},"end":{"line":53,"column":53}},"loc":{"start":{"line":53,"column":60},"end":{"line":58,"column":15}},"line":53}},"branchMap":{},"s":{"0":2,"1":3,"2":1,"3":0,"4":0,"5":1,"6":1,"7":3,"8":0,"9":0,"10":0},"f":{"0":3,"1":1,"2":0,"3":0,"4":0,"5":0},"b":{},"_coverageSchema":"1a1c01bbd47fc00a2c39e90264f33305004495a9","hash":"bd37aa21013f17c1e70f03e69176ea8f659cec3f"}
,"C:\\Users\\arpsahoo\\pokemonGoApp\\src\\components\\molecules\\pokemonFilterModal\\PokemonFilterModal.styles.js": {"path":"C:\\Users\\arpsahoo\\pokemonGoApp\\src\\components\\molecules\\pokemonFilterModal\\PokemonFilterModal.styles.js","statementMap":{},"fnMap":{},"branchMap":{},"s":{},"f":{},"b":{},"_coverageSchema":"1a1c01bbd47fc00a2c39e90264f33305004495a9","hash":"84d9fe5330f5aa0d9304f8eecc4b076a018d6bd4"}
,"C:\\Users\\arpsahoo\\pokemonGoApp\\src\\components\\molecules\\pokemonList\\PokemonList.jsx": {"path":"C:\\Users\\arpsahoo\\pokemonGoApp\\src\\components\\molecules\\pokemonList\\PokemonList.jsx","statementMap":{"0":{"start":{"line":5,"column":20},"end":{"line":24,"column":1}},"1":{"start":{"line":6,"column":2},"end":{"line":23,"column":4}},"2":{"start":{"line":10,"column":8},"end":{"line":17,"column":10}},"3":{"start":{"line":14,"column":27},"end":{"line":14,"column":40}},"4":{"start":{"line":21,"column":28},"end":{"line":21,"column":35}}},"fnMap":{"0":{"name":"(anonymous_0)","decl":{"start":{"line":5,"column":20},"end":{"line":5,"column":21}},"loc":{"start":{"line":5,"column":64},"end":{"line":24,"column":1}},"line":5},"1":{"name":"(anonymous_1)","decl":{"start":{"line":9,"column":18},"end":{"line":9,"column":19}},"loc":{"start":{"line":9,"column":30},"end":{"line":18,"column":7}},"line":9},"2":{"name":"(anonymous_2)","decl":{"start":{"line":14,"column":21},"end":{"line":14,"column":22}},"loc":{"start":{"line":14,"column":27},"end":{"line":14,"column":40}},"line":14},"3":{"name":"(anonymous_3)","decl":{"start":{"line":21,"column":20},"end":{"line":21,"column":21}},"loc":{"start":{"line":21,"column":28},"end":{"line":21,"column":35}},"line":21}},"branchMap":{},"s":{"0":2,"1":2,"2":0,"3":0,"4":0},"f":{"0":2,"1":0,"2":0,"3":0},"b":{},"_coverageSchema":"1a1c01bbd47fc00a2c39e90264f33305004495a9","hash":"082a9a51106ae1c7018ff1b5a4b39b33dbfce0ab"}
,"C:\\Users\\arpsahoo\\pokemonGoApp\\src\\components\\molecules\\pokemonStats\\PokemonStats.jsx": {"path":"C:\\Users\\arpsahoo\\pokemonGoApp\\src\\components\\molecules\\pokemonStats\\PokemonStats.jsx","statementMap":{"0":{"start":{"line":5,"column":21},"end":{"line":21,"column":1}},"1":{"start":{"line":6,"column":2},"end":{"line":20,"column":4}},"2":{"start":{"line":11,"column":10},"end":{"line":16,"column":12}}},"fnMap":{"0":{"name":"(anonymous_0)","decl":{"start":{"line":5,"column":21},"end":{"line":5,"column":22}},"loc":{"start":{"line":5,"column":39},"end":{"line":21,"column":1}},"line":5},"1":{"name":"(anonymous_1)","decl":{"start":{"line":10,"column":19},"end":{"line":10,"column":20}},"loc":{"start":{"line":10,"column":27},"end":{"line":17,"column":9}},"line":10}},"branchMap":{"0":{"loc":{"start":{"line":5,"column":23},"end":{"line":5,"column":33}},"type":"default-arg","locations":[{"start":{"line":5,"column":31},"end":{"line":5,"column":33}}],"line":5}},"s":{"0":2,"1":1,"2":1},"f":{"0":1,"1":1},"b":{"0":[0]},"_coverageSchema":"1a1c01bbd47fc00a2c39e90264f33305004495a9","hash":"72563d5f4a0b8109c6b47e11d8bb01546976ea76"}
,"C:\\Users\\arpsahoo\\pokemonGoApp\\src\\components\\molecules\\pokemonStats\\PokemonStats.styles.js": {"path":"C:\\Users\\arpsahoo\\pokemonGoApp\\src\\components\\molecules\\pokemonStats\\PokemonStats.styles.js","statementMap":{},"fnMap":{},"branchMap":{},"s":{},"f":{},"b":{},"_coverageSchema":"1a1c01bbd47fc00a2c39e90264f33305004495a9","hash":"7c339234e7a709377ba5e28cd5ae22e2853d1fa6"}
,"C:\\Users\\arpsahoo\\pokemonGoApp\\src\\components\\molecules\\pokemonTypesFilter\\PokemonTypesFilter.jsx": {"path":"C:\\Users\\arpsahoo\\pokemonGoApp\\src\\components\\molecules\\pokemonTypesFilter\\PokemonTypesFilter.jsx","statementMap":{"0":{"start":{"line":6,"column":27},"end":{"line":51,"column":1}},"1":{"start":{"line":7,"column":2},"end":{"line":23,"column":9}},"2":{"start":{"line":9,"column":6},"end":{"line":19,"column":7}},"3":{"start":{"line":12,"column":12},"end":{"line":12,"column":35}},"4":{"start":{"line":14,"column":36},"end":{"line":17,"column":14}},"5":{"start":{"line":15,"column":25},"end":{"line":15,"column":65}},"6":{"start":{"line":16,"column":10},"end":{"line":16,"column":34}},"7":{"start":{"line":18,"column":8},"end":{"line":18,"column":45}},"8":{"start":{"line":22,"column":4},"end":{"line":22,"column":24}},"9":{"start":{"line":26,"column":25},"end":{"line":33,"column":6}},"10":{"start":{"line":27,"column":6},"end":{"line":32,"column":18}},"11":{"start":{"line":34,"column":4},"end":{"line":34,"column":34}},"12":{"start":{"line":37,"column":2},"end":{"line":50,"column":4}},"13":{"start":{"line":42,"column":10},"end":{"line":46,"column":12}},"14":{"start":{"line":44,"column":39},"end":{"line":44,"column":68}}},"fnMap":{"0":{"name":"(anonymous_0)","decl":{"start":{"line":6,"column":27},"end":{"line":6,"column":28}},"loc":{"start":{"line":6,"column":64},"end":{"line":51,"column":1}},"line":6},"1":{"name":"(anonymous_1)","decl":{"start":{"line":7,"column":12},"end":{"line":7,"column":13}},"loc":{"start":{"line":7,"column":18},"end":{"line":23,"column":3}},"line":7},"2":{"name":"fetchPokemonChips","decl":{"start":{"line":8,"column":19},"end":{"line":8,"column":36}},"loc":{"start":{"line":8,"column":39},"end":{"line":20,"column":5}},"line":8},"3":{"name":"(anonymous_3)","decl":{"start":{"line":14,"column":51},"end":{"line":14,"column":52}},"loc":{"start":{"line":14,"column":71},"end":{"line":17,"column":9}},"line":14},"4":{"name":"handleChange","decl":{"start":{"line":25,"column":11},"end":{"line":25,"column":23}},"loc":{"start":{"line":25,"column":41},"end":{"line":35,"column":3}},"line":25},"5":{"name":"(anonymous_5)","decl":{"start":{"line":26,"column":42},"end":{"line":26,"column":43}},"loc":{"start":{"line":26,"column":69},"end":{"line":33,"column":5}},"line":26},"6":{"name":"(anonymous_6)","decl":{"start":{"line":41,"column":20},"end":{"line":41,"column":21}},"loc":{"start":{"line":42,"column":10},"end":{"line":46,"column":12}},"line":42},"7":{"name":"(anonymous_7)","decl":{"start":{"line":44,"column":27},"end":{"line":44,"column":28}},"loc":{"start":{"line":44,"column":39},"end":{"line":44,"column":68}},"line":44}},"branchMap":{"0":{"loc":{"start":{"line":9,"column":6},"end":{"line":19,"column":7}},"type":"if","locations":[{"start":{"line":9,"column":6},"end":{"line":19,"column":7}},{"start":{},"end":{}}],"line":9},"1":{"loc":{"start":{"line":11,"column":17},"end":{"line":11,"column":29}},"type":"default-arg","locations":[{"start":{"line":11,"column":27},"end":{"line":11,"column":29}}],"line":11},"2":{"loc":{"start":{"line":27,"column":13},"end":{"line":32,"column":17}},"type":"cond-expr","locations":[{"start":{"line":28,"column":10},"end":{"line":31,"column":11}},{"start":{"line":32,"column":10},"end":{"line":32,"column":17}}],"line":27}},"s":{"0":3,"1":1,"2":0,"3":0,"4":0,"5":0,"6":0,"7":0,"8":0,"9":0,"10":0,"11":0,"12":1,"13":0,"14":0},"f":{"0":1,"1":0,"2":0,"3":0,"4":0,"5":0,"6":0,"7":0},"b":{"0":[0,0],"1":[0],"2":[0,0]},"_coverageSchema":"1a1c01bbd47fc00a2c39e90264f33305004495a9","hash":"71e07cf578fc4f276b8ff50db138cb9db6812597"}
,"C:\\Users\\arpsahoo\\pokemonGoApp\\src\\constants\\axiosConfig.js": {"path":"C:\\Users\\arpsahoo\\pokemonGoApp\\src\\constants\\axiosConfig.js","statementMap":{"0":{"start":{"line":4,"column":0},"end":{"line":4,"column":46}}},"fnMap":{},"branchMap":{},"s":{"0":4},"f":{},"b":{},"_coverageSchema":"1a1c01bbd47fc00a2c39e90264f33305004495a9","hash":"44324df4cb53f70e43a3cc913739ab35118ae12d"}
,"C:\\Users\\arpsahoo\\pokemonGoApp\\src\\constants\\constants.js": {"path":"C:\\Users\\arpsahoo\\pokemonGoApp\\src\\constants\\constants.js","statementMap":{"0":{"start":{"line":1,"column":22},"end":{"line":22,"column":1}}},"fnMap":{},"branchMap":{},"s":{"0":8},"f":{},"b":{},"_coverageSchema":"1a1c01bbd47fc00a2c39e90264f33305004495a9","hash":"cc167ee753675ae3afa1fd40a1e0b6d962f151fb"}
,"C:\\Users\\arpsahoo\\pokemonGoApp\\src\\context\\PokemonContext.js": {"path":"C:\\Users\\arpsahoo\\pokemonGoApp\\src\\context\\PokemonContext.js","statementMap":{"0":{"start":{"line":4,"column":30},"end":{"line":22,"column":2}},"1":{"start":{"line":24,"column":31},"end":{"line":39,"column":1}},"2":{"start":{"line":25,"column":28},"end":{"line":27,"column":4}},"3":{"start":{"line":28,"column":28},"end":{"line":28,"column":33}},"4":{"start":{"line":30,"column":2},"end":{"line":38,"column":4}}},"fnMap":{"0":{"name":"(anonymous_0)","decl":{"start":{"line":21,"column":12},"end":{"line":21,"column":13}},"loc":{"start":{"line":21,"column":18},"end":{"line":21,"column":20}},"line":21},"1":{"name":"(anonymous_1)","decl":{"start":{"line":24,"column":31},"end":{"line":24,"column":32}},"loc":{"start":{"line":24,"column":47},"end":{"line":39,"column":1}},"line":24}},"branchMap":{},"s":{"0":2,"1":2,"2":0,"3":0,"4":0},"f":{"0":0,"1":0},"b":{},"_coverageSchema":"1a1c01bbd47fc00a2c39e90264f33305004495a9","hash":"4b5d70ddd499deff949e76bda5b989300e28d958"}
,"C:\\Users\\arpsahoo\\pokemonGoApp\\src\\reducers\\pokemonReducer.js": {"path":"C:\\Users\\arpsahoo\\pokemonGoApp\\src\\reducers\\pokemonReducer.js","statementMap":{"0":{"start":{"line":2,"column":2},"end":{"line":10,"column":3}},"1":{"start":{"line":4,"column":6},"end":{"line":7,"column":8}},"2":{"start":{"line":9,"column":6},"end":{"line":9,"column":19}}},"fnMap":{"0":{"name":"pokemonReducer","decl":{"start":{"line":1,"column":16},"end":{"line":1,"column":30}},"loc":{"start":{"line":1,"column":46},"end":{"line":11,"column":1}},"line":1}},"branchMap":{"0":{"loc":{"start":{"line":2,"column":2},"end":{"line":10,"column":3}},"type":"switch","locations":[{"start":{"line":3,"column":4},"end":{"line":7,"column":8}},{"start":{"line":8,"column":4},"end":{"line":9,"column":19}}],"line":2}},"s":{"0":0,"1":0,"2":0},"f":{"0":0},"b":{"0":[0,0]},"_coverageSchema":"1a1c01bbd47fc00a2c39e90264f33305004495a9","hash":"2a3b17f9045c32055de6d163b0681d72356a8447"}
,"C:\\Users\\arpsahoo\\pokemonGoApp\\src\\screens\\pokemonDetailsPage\\PokemonDetailsPage.jsx": {"path":"C:\\Users\\arpsahoo\\pokemonGoApp\\src\\screens\\pokemonDetailsPage\\PokemonDetailsPage.jsx","statementMap":{"0":{"start":{"line":24,"column":27},"end":{"line":137,"column":1}},"1":{"start":{"line":25,"column":38},"end":{"line":25,"column":64}},"2":{"start":{"line":26,"column":64},"end":{"line":26,"column":79}},"3":{"start":{"line":28,"column":2},"end":{"line":61,"column":9}},"4":{"start":{"line":30,"column":6},"end":{"line":58,"column":7}},"5":{"start":{"line":31,"column":36},"end":{"line":33,"column":9}},"6":{"start":{"line":35,"column":8},"end":{"line":39,"column":9}},"7":{"start":{"line":36,"column":10},"end":{"line":38,"column":12}},"8":{"start":{"line":41,"column":8},"end":{"line":55,"column":11}},"9":{"start":{"line":46,"column":30},"end":{"line":46,"column":56}},"10":{"start":{"line":47,"column":26},"end":{"line":47,"column":41}},"11":{"start":{"line":52,"column":28},"end":{"line":52,"column":41}},"12":{"start":{"line":57,"column":8},"end":{"line":57,"column":48}},"13":{"start":{"line":60,"column":4},"end":{"line":60,"column":26}},"14":{"start":{"line":63,"column":2},"end":{"line":63,"column":68}},"15":{"start":{"line":65,"column":2},"end":{"line":136,"column":4}},"16":{"start":{"line":81,"column":12},"end":{"line":81,"column":32}},"17":{"start":{"line":98,"column":16},"end":{"line":98,"column":49}},"18":{"start":{"line":110,"column":10},"end":{"line":110,"column":63}},"19":{"start":{"line":117,"column":18},"end":{"line":117,"column":71}}},"fnMap":{"0":{"name":"(anonymous_0)","decl":{"start":{"line":24,"column":27},"end":{"line":24,"column":28}},"loc":{"start":{"line":24,"column":45},"end":{"line":137,"column":1}},"line":24},"1":{"name":"(anonymous_1)","decl":{"start":{"line":28,"column":12},"end":{"line":28,"column":13}},"loc":{"start":{"line":28,"column":18},"end":{"line":61,"column":3}},"line":28},"2":{"name":"fetchPokemondetails","decl":{"start":{"line":29,"column":19},"end":{"line":29,"column":38}},"loc":{"start":{"line":29,"column":41},"end":{"line":59,"column":5}},"line":29},"3":{"name":"(anonymous_3)","decl":{"start":{"line":46,"column":22},"end":{"line":46,"column":23}},"loc":{"start":{"line":46,"column":30},"end":{"line":46,"column":56}},"line":46},"4":{"name":"(anonymous_4)","decl":{"start":{"line":47,"column":19},"end":{"line":47,"column":20}},"loc":{"start":{"line":47,"column":26},"end":{"line":47,"column":41}},"line":47},"5":{"name":"(anonymous_5)","decl":{"start":{"line":52,"column":16},"end":{"line":52,"column":17}},"loc":{"start":{"line":52,"column":28},"end":{"line":52,"column":41}},"line":52},"6":{"name":"(anonymous_6)","decl":{"start":{"line":80,"column":19},"end":{"line":80,"column":20}},"loc":{"start":{"line":80,"column":25},"end":{"line":82,"column":11}},"line":80},"7":{"name":"(anonymous_7)","decl":{"start":{"line":97,"column":23},"end":{"line":97,"column":24}},"loc":{"start":{"line":97,"column":29},"end":{"line":99,"column":15}},"line":97},"8":{"name":"(anonymous_8)","decl":{"start":{"line":109,"column":24},"end":{"line":109,"column":25}},"loc":{"start":{"line":109,"column":30},"end":{"line":111,"column":9}},"line":109},"9":{"name":"(anonymous_9)","decl":{"start":{"line":116,"column":25},"end":{"line":116,"column":26}},"loc":{"start":{"line":116,"column":31},"end":{"line":118,"column":17}},"line":116}},"branchMap":{"0":{"loc":{"start":{"line":35,"column":8},"end":{"line":39,"column":9}},"type":"if","locations":[{"start":{"line":35,"column":8},"end":{"line":39,"column":9}},{"start":{},"end":{}}],"line":35},"1":{"loc":{"start":{"line":73,"column":13},"end":{"line":75,"column":40}},"type":"cond-expr","locations":[{"start":{"line":74,"column":16},"end":{"line":74,"column":41}},{"start":{"line":75,"column":16},"end":{"line":75,"column":40}}],"line":73},"2":{"loc":{"start":{"line":95,"column":11},"end":{"line":104,"column":11}},"type":"binary-expr","locations":[{"start":{"line":95,"column":11},"end":{"line":95,"column":39}},{"start":{"line":96,"column":12},"end":{"line":103,"column":31}}],"line":95}},"s":{"0":1,"1":0,"2":0,"3":0,"4":0,"5":0,"6":0,"7":0,"8":0,"9":0,"10":0,"11":0,"12":0,"13":0,"14":0,"15":0,"16":0,"17":0,"18":0,"19":0},"f":{"0":0,"1":0,"2":0,"3":0,"4":0,"5":0,"6":0,"7":0,"8":0,"9":0},"b":{"0":[0,0],"1":[0,0],"2":[0,0]},"_coverageSchema":"1a1c01bbd47fc00a2c39e90264f33305004495a9","hash":"026650793959ffcec163819473900f8cde719957"}
,"C:\\Users\\arpsahoo\\pokemonGoApp\\src\\screens\\pokemonDetailsPage\\PokemonDetailsPage.styles.js": {"path":"C:\\Users\\arpsahoo\\pokemonGoApp\\src\\screens\\pokemonDetailsPage\\PokemonDetailsPage.styles.js","statementMap":{"0":{"start":{"line":3,"column":22},"end":{"line":76,"column":2}}},"fnMap":{},"branchMap":{},"s":{"0":1},"f":{},"b":{},"_coverageSchema":"1a1c01bbd47fc00a2c39e90264f33305004495a9","hash":"7f0fc4ea7ea9e4cbc67092e46f6eb29c19851925"}
,"C:\\Users\\arpsahoo\\pokemonGoApp\\src\\screens\\pokemonListingPage\\PokemonListingPage.jsx": {"path":"C:\\Users\\arpsahoo\\pokemonGoApp\\src\\screens\\pokemonListingPage\\PokemonListingPage.jsx","statementMap":{"0":{"start":{"line":11,"column":27},"end":{"line":143,"column":1}},"1":{"start":{"line":12,"column":46},"end":{"line":16,"column":4}},"2":{"start":{"line":17,"column":39},"end":{"line":17,"column":54}},"3":{"start":{"line":19,"column":38},"end":{"line":19,"column":50}},"4":{"start":{"line":20,"column":42},"end":{"line":20,"column":54}},"5":{"start":{"line":21,"column":56},"end":{"line":23,"column":3}},"6":{"start":{"line":24,"column":47},"end":{"line":24,"column":73}},"7":{"start":{"line":25,"column":54},"end":{"line":25,"column":69}},"8":{"start":{"line":27,"column":2},"end":{"line":50,"column":9}},"9":{"start":{"line":29,"column":6},"end":{"line":47,"column":7}},"10":{"start":{"line":30,"column":8},"end":{"line":33,"column":11}},"11":{"start":{"line":34,"column":33},"end":{"line":34,"column":75}},"12":{"start":{"line":35,"column":8},"end":{"line":39,"column":11}},"13":{"start":{"line":40,"column":8},"end":{"line":40,"column":47}},"14":{"start":{"line":42,"column":8},"end":{"line":46,"column":11}},"15":{"start":{"line":49,"column":4},"end":{"line":49,"column":19}},"16":{"start":{"line":52,"column":20},"end":{"line":52,"column":34}},"17":{"start":{"line":55,"column":35},"end":{"line":62,"column":28}},"18":{"start":{"line":57,"column":10},"end":{"line":60,"column":12}},"19":{"start":{"line":64,"column":28},"end":{"line":70,"column":30}},"20":{"start":{"line":66,"column":10},"end":{"line":68,"column":13}},"21":{"start":{"line":67,"column":12},"end":{"line":67,"column":57}},"22":{"start":{"line":72,"column":4},"end":{"line":72,"column":27}},"23":{"start":{"line":75,"column":2},"end":{"line":142,"column":4}},"24":{"start":{"line":86,"column":16},"end":{"line":86,"column":36}},"25":{"start":{"line":87,"column":16},"end":{"line":94,"column":19}},"26":{"start":{"line":88,"column":42},"end":{"line":91,"column":19}},"27":{"start":{"line":93,"column":18},"end":{"line":93,"column":58}},"28":{"start":{"line":99,"column":29},"end":{"line":99,"column":56}},"29":{"start":{"line":111,"column":37},"end":{"line":111,"column":79}},"30":{"start":{"line":114,"column":16},"end":{"line":114,"column":47}},"31":{"start":{"line":115,"column":16},"end":{"line":122,"column":19}},"32":{"start":{"line":116,"column":46},"end":{"line":119,"column":19}},"33":{"start":{"line":121,"column":18},"end":{"line":121,"column":62}},"34":{"start":{"line":131,"column":16},"end":{"line":134,"column":19}},"35":{"start":{"line":135,"column":16},"end":{"line":135,"column":54}}},"fnMap":{"0":{"name":"(anonymous_0)","decl":{"start":{"line":11,"column":27},"end":{"line":11,"column":28}},"loc":{"start":{"line":11,"column":45},"end":{"line":143,"column":1}},"line":11},"1":{"name":"(anonymous_1)","decl":{"start":{"line":27,"column":12},"end":{"line":27,"column":13}},"loc":{"start":{"line":27,"column":18},"end":{"line":50,"column":3}},"line":27},"2":{"name":"fetchPokemon","decl":{"start":{"line":28,"column":19},"end":{"line":28,"column":31}},"loc":{"start":{"line":28,"column":34},"end":{"line":48,"column":5}},"line":28},"3":{"name":"filterPokemonResults","decl":{"start":{"line":54,"column":11},"end":{"line":54,"column":31}},"loc":{"start":{"line":54,"column":58},"end":{"line":73,"column":3}},"line":54},"4":{"name":"(anonymous_4)","decl":{"start":{"line":56,"column":37},"end":{"line":56,"column":38}},"loc":{"start":{"line":56,"column":48},"end":{"line":61,"column":9}},"line":56},"5":{"name":"(anonymous_5)","decl":{"start":{"line":65,"column":38},"end":{"line":65,"column":39}},"loc":{"start":{"line":65,"column":49},"end":{"line":69,"column":9}},"line":65},"6":{"name":"(anonymous_6)","decl":{"start":{"line":66,"column":36},"end":{"line":66,"column":37}},"loc":{"start":{"line":66,"column":44},"end":{"line":68,"column":11}},"line":66},"7":{"name":"(anonymous_7)","decl":{"start":{"line":85,"column":30},"end":{"line":85,"column":31}},"loc":{"start":{"line":85,"column":38},"end":{"line":95,"column":15}},"line":85},"8":{"name":"(anonymous_8)","decl":{"start":{"line":87,"column":32},"end":{"line":87,"column":33}},"loc":{"start":{"line":87,"column":38},"end":{"line":94,"column":17}},"line":87},"9":{"name":"(anonymous_9)","decl":{"start":{"line":99,"column":23},"end":{"line":99,"column":24}},"loc":{"start":{"line":99,"column":29},"end":{"line":99,"column":56}},"line":99},"10":{"name":"(anonymous_10)","decl":{"start":{"line":111,"column":31},"end":{"line":111,"column":32}},"loc":{"start":{"line":111,"column":37},"end":{"line":111,"column":79}},"line":111},"11":{"name":"(anonymous_11)","decl":{"start":{"line":113,"column":32},"end":{"line":113,"column":33}},"loc":{"start":{"line":113,"column":49},"end":{"line":123,"column":15}},"line":113},"12":{"name":"(anonymous_12)","decl":{"start":{"line":115,"column":32},"end":{"line":115,"column":33}},"loc":{"start":{"line":115,"column":38},"end":{"line":122,"column":17}},"line":115},"13":{"name":"(anonymous_13)","decl":{"start":{"line":130,"column":23},"end":{"line":130,"column":24}},"loc":{"start":{"line":130,"column":34},"end":{"line":136,"column":15}},"line":130}},"branchMap":{"0":{"loc":{"start":{"line":55,"column":35},"end":{"line":62,"column":28}},"type":"cond-expr","locations":[{"start":{"line":56,"column":8},"end":{"line":61,"column":10}},{"start":{"line":62,"column":8},"end":{"line":62,"column":28}}],"line":55},"1":{"loc":{"start":{"line":58,"column":12},"end":{"line":59,"column":54}},"type":"binary-expr","locations":[{"start":{"line":58,"column":12},"end":{"line":58,"column":75}},{"start":{"line":59,"column":12},"end":{"line":59,"column":54}}],"line":58},"2":{"loc":{"start":{"line":64,"column":28},"end":{"line":70,"column":30}},"type":"cond-expr","locations":[{"start":{"line":65,"column":8},"end":{"line":69,"column":10}},{"start":{"line":70,"column":8},"end":{"line":70,"column":30}}],"line":64},"3":{"loc":{"start":{"line":78,"column":7},"end":{"line":140,"column":7}},"type":"cond-expr","locations":[{"start":{"line":79,"column":8},"end":{"line":79,"column":69}},{"start":{"line":81,"column":8},"end":{"line":139,"column":11}}],"line":78}},"s":{"0":1,"1":1,"2":1,"3":1,"4":1,"5":1,"6":1,"7":1,"8":1,"9":0,"10":0,"11":0,"12":0,"13":0,"14":0,"15":0,"16":1,"17":0,"18":0,"19":0,"20":0,"21":0,"22":0,"23":1,"24":0,"25":0,"26":0,"27":0,"28":0,"29":0,"30":0,"31":0,"32":0,"33":0,"34":0,"35":0},"f":{"0":1,"1":0,"2":0,"3":0,"4":0,"5":0,"6":0,"7":0,"8":0,"9":0,"10":0,"11":0,"12":0,"13":0},"b":{"0":[0,0],"1":[0,0],"2":[0,0],"3":[0,1]},"_coverageSchema":"1a1c01bbd47fc00a2c39e90264f33305004495a9","hash":"f6a288ad10d6dda51242ef4a0e6c2196daf5cb37"}
,"C:\\Users\\arpsahoo\\pokemonGoApp\\src\\screens\\pokemonListingPage\\PokemonListingPage.styles.js": {"path":"C:\\Users\\arpsahoo\\pokemonGoApp\\src\\screens\\pokemonListingPage\\PokemonListingPage.styles.js","statementMap":{"0":{"start":{"line":3,"column":22},"end":{"line":15,"column":2}}},"fnMap":{},"branchMap":{},"s":{"0":1},"f":{},"b":{},"_coverageSchema":"1a1c01bbd47fc00a2c39e90264f33305004495a9","hash":"fd3916ed0408e45730a31b391be209d321701f52"}
,"C:\\Users\\arpsahoo\\pokemonGoApp\\src\\services\\api.js": {"path":"C:\\Users\\arpsahoo\\pokemonGoApp\\src\\services\\api.js","statementMap":{"0":{"start":{"line":4,"column":2},"end":{"line":15,"column":3}},"1":{"start":{"line":5,"column":40},"end":{"line":5,"column":60}},"2":{"start":{"line":6,"column":35},"end":{"line":11,"column":5}},"3":{"start":{"line":8,"column":31},"end":{"line":8,"column":59}},"4":{"start":{"line":9,"column":8},"end":{"line":9,"column":35}},"5":{"start":{"line":12,"column":4},"end":{"line":12,"column":52}},"6":{"start":{"line":14,"column":4},"end":{"line":14,"column":21}},"7":{"start":{"line":19,"column":2},"end":{"line":24,"column":3}},"8":{"start":{"line":20,"column":21},"end":{"line":20,"column":62}},"9":{"start":{"line":21,"column":4},"end":{"line":21,"column":20}},"10":{"start":{"line":23,"column":4},"end":{"line":23,"column":35}},"11":{"start":{"line":28,"column":2},"end":{"line":28,"column":34}},"12":{"start":{"line":32,"column":2},"end":{"line":32,"column":29}}},"fnMap":{"0":{"name":"getPokemonData","decl":{"start":{"line":3,"column":15},"end":{"line":3,"column":29}},"loc":{"start":{"line":3,"column":35},"end":{"line":16,"column":1}},"line":3},"1":{"name":"(anonymous_1)","decl":{"start":{"line":7,"column":18},"end":{"line":7,"column":19}},"loc":{"start":{"line":7,"column":35},"end":{"line":10,"column":7}},"line":7},"2":{"name":"getPokemonDescription","decl":{"start":{"line":18,"column":15},"end":{"line":18,"column":36}},"loc":{"start":{"line":18,"column":41},"end":{"line":25,"column":1}},"line":18},"3":{"name":"getPokemonStrengthWeaknesses","decl":{"start":{"line":27,"column":15},"end":{"line":27,"column":43}},"loc":{"start":{"line":27,"column":48},"end":{"line":29,"column":1}},"line":27},"4":{"name":"getPokemonTypes","decl":{"start":{"line":31,"column":15},"end":{"line":31,"column":30}},"loc":{"start":{"line":31,"column":33},"end":{"line":33,"column":1}},"line":31}},"branchMap":{"0":{"loc":{"start":{"line":5,"column":17},"end":{"line":5,"column":36}},"type":"default-arg","locations":[{"start":{"line":5,"column":34},"end":{"line":5,"column":36}}],"line":5},"1":{"loc":{"start":{"line":5,"column":18},"end":{"line":5,"column":30}},"type":"default-arg","locations":[{"start":{"line":5,"column":28},"end":{"line":5,"column":30}}],"line":5}},"s":{"0":2,"1":2,"2":1,"3":0,"4":0,"5":1,"6":1,"7":2,"8":2,"9":1,"10":1,"11":1,"12":2},"f":{"0":2,"1":0,"2":2,"3":1,"4":2},"b":{"0":[0],"1":[1]},"_coverageSchema":"1a1c01bbd47fc00a2c39e90264f33305004495a9","hash":"a58065c0fa667fd21c35c73ff80d65da7b37e87b"}
,"C:\\Users\\arpsahoo\\pokemonGoApp\\src\\util\\utils.js": {"path":"C:\\Users\\arpsahoo\\pokemonGoApp\\src\\util\\utils.js","statementMap":{"0":{"start":{"line":5,"column":17},"end":{"line":5,"column":19}},"1":{"start":{"line":6,"column":2},"end":{"line":11,"column":5}},"2":{"start":{"line":7,"column":4},"end":{"line":10,"column":39}},"3":{"start":{"line":12,"column":2},"end":{"line":12,"column":18}},"4":{"start":{"line":16,"column":15},"end":{"line":16,"column":17}},"5":{"start":{"line":17,"column":2},"end":{"line":22,"column":5}},"6":{"start":{"line":18,"column":4},"end":{"line":21,"column":43}},"7":{"start":{"line":23,"column":2},"end":{"line":23,"column":16}},"8":{"start":{"line":27,"column":27},"end":{"line":27,"column":38}},"9":{"start":{"line":29,"column":23},"end":{"line":29,"column":48}},"10":{"start":{"line":31,"column":13},"end":{"line":31,"column":39}},"11":{"start":{"line":33,"column":15},"end":{"line":33,"column":55}},"12":{"start":{"line":35,"column":2},"end":{"line":35,"column":31}},"13":{"start":{"line":39,"column":2},"end":{"line":39,"column":29}},"14":{"start":{"line":43,"column":12},"end":{"line":43,"column":56}},"15":{"start":{"line":44,"column":2},"end":{"line":44,"column":13}},"16":{"start":{"line":48,"column":26},"end":{"line":126,"column":3}},"17":{"start":{"line":128,"column":4},"end":{"line":136,"column":23}},"18":{"start":{"line":137,"column":2},"end":{"line":137,"column":25}}},"fnMap":{"0":{"name":"getPokemonEggGroups","decl":{"start":{"line":4,"column":16},"end":{"line":4,"column":35}},"loc":{"start":{"line":4,"column":47},"end":{"line":13,"column":1}},"line":4},"1":{"name":"(anonymous_1)","decl":{"start":{"line":6,"column":21},"end":{"line":6,"column":22}},"loc":{"start":{"line":6,"column":37},"end":{"line":11,"column":3}},"line":6},"2":{"name":"getPokemonAbilities","decl":{"start":{"line":15,"column":16},"end":{"line":15,"column":35}},"loc":{"start":{"line":15,"column":47},"end":{"line":24,"column":1}},"line":15},"3":{"name":"(anonymous_3)","decl":{"start":{"line":17,"column":21},"end":{"line":17,"column":22}},"loc":{"start":{"line":17,"column":43},"end":{"line":22,"column":3}},"line":17},"4":{"name":"getFormattedHeight","decl":{"start":{"line":26,"column":16},"end":{"line":26,"column":34}},"loc":{"start":{"line":26,"column":43},"end":{"line":36,"column":1}},"line":26},"5":{"name":"getFormattedWeight","decl":{"start":{"line":38,"column":16},"end":{"line":38,"column":34}},"loc":{"start":{"line":38,"column":43},"end":{"line":40,"column":1}},"line":38},"6":{"name":"getCapitalisedWord","decl":{"start":{"line":42,"column":16},"end":{"line":42,"column":34}},"loc":{"start":{"line":42,"column":41},"end":{"line":45,"column":1}},"line":42},"7":{"name":"getPokemonFeatures","decl":{"start":{"line":47,"column":16},"end":{"line":47,"column":34}},"loc":{"start":{"line":47,"column":44},"end":{"line":138,"column":1}},"line":47}},"branchMap":{"0":{"loc":{"start":{"line":8,"column":6},"end":{"line":10,"column":38}},"type":"cond-expr","locations":[{"start":{"line":9,"column":10},"end":{"line":9,"column":45}},{"start":{"line":10,"column":10},"end":{"line":10,"column":38}}],"line":8},"1":{"loc":{"start":{"line":19,"column":6},"end":{"line":21,"column":42}},"type":"cond-expr","locations":[{"start":{"line":20,"column":10},"end":{"line":20,"column":49}},{"start":{"line":21,"column":10},"end":{"line":21,"column":42}}],"line":19},"2":{"loc":{"start":{"line":128,"column":4},"end":{"line":136,"column":23}},"type":"cond-expr","locations":[{"start":{"line":129,"column":8},"end":{"line":135,"column":9}},{"start":{"line":136,"column":8},"end":{"line":136,"column":23}}],"line":128}},"s":{"0":1,"1":1,"2":0,"3":1,"4":1,"5":1,"6":0,"7":1,"8":1,"9":1,"10":1,"11":1,"12":1,"13":1,"14":7,"15":7,"16":1,"17":1,"18":1},"f":{"0":1,"1":0,"2":1,"3":0,"4":1,"5":1,"6":7,"7":1},"b":{"0":[0,0],"1":[0,0],"2":[1,0]},"_coverageSchema":"1a1c01bbd47fc00a2c39e90264f33305004495a9","hash":"9d34ad7fc43140ad986f599382f5b74d192e2e47"}
}
