TN:
SF:src\components\atoms\accordionItem\AccordionItem.jsx
FN:5,(anonymous_0)
FN:16,(anonymous_1)
FNF:2
FNH:2
FNDA:5,(anonymous_0)
FNDA:1,(anonymous_1)
DA:5,2
DA:6,5
DA:8,5
DA:16,1
LF:4
LH:4
BRDA:20,0,0,5
BRDA:20,0,1,1
BRF:2
BRH:2
end_of_record
TN:
SF:src\components\atoms\accordionItem\AccordionItem.styles.js
FNF:0
FNH:0
DA:3,2
LF:1
LH:1
BRF:0
BRH:0
end_of_record
TN:
SF:src\components\atoms\checkboxItem\CheckboxItem.jsx
FN:7,(anonymous_0)
FN:13,(anonymous_1)
FNF:2
FNH:1
FNDA:1,(anonymous_0)
FNDA:0,(anonymous_1)
DA:7,2
DA:8,1
DA:13,0
LF:3
LH:2
BRF:0
BRH:0
end_of_record
TN:
SF:src\components\atoms\checkboxItem\CheckboxItem.styles.js
FNF:0
FNH:0
DA:2,2
LF:1
LH:1
BRF:0
BRH:0
end_of_record
TN:
SF:src\components\atoms\modal\PokemonModal.jsx
FN:4,(anonymous_0)
FNF:1
FNH:1
FNDA:3,(anonymous_0)
DA:4,2
DA:5,3
LF:2
LH:2
BRF:0
BRH:0
end_of_record
TN:
SF:src\components\atoms\pokemonCard\PokemonCard.jsx
FN:7,(anonymous_0)
FN:8,(anonymous_1)
FN:21,displayPokemonCardData
FNF:3
FNH:3
FNDA:1,(anonymous_0)
FNDA:2,(anonymous_1)
FNDA:1,displayPokemonCardData
DA:7,1
DA:8,2
DA:10,1
DA:22,1
LF:4
LH:4
BRDA:10,0,0,1
BRDA:10,0,1,0
BRDA:33,1,0,1
BRDA:33,1,1,0
BRDA:39,2,0,0
BRDA:39,2,1,0
BRF:6
BRH:2
end_of_record
TN:
SF:src\components\atoms\pokemonCard\PokemonCard.styles.js
FNF:0
FNH:0
DA:2,1
LF:1
LH:1
BRF:0
BRH:0
end_of_record
TN:
SF:src\components\atoms\pokemonChip\PokemonChip.jsx
FN:4,(anonymous_0)
FNF:1
FNH:1
FNDA:7,(anonymous_0)
DA:4,7
DA:5,7
LF:2
LH:2
BRF:0
BRH:0
end_of_record
TN:
SF:src\components\atoms\pokemonChip\PokemonChip.styles.js
FNF:0
FNH:0
DA:2,7
LF:1
LH:1
BRF:0
BRH:0
end_of_record
TN:
SF:src\components\atoms\pokemonFeature\PokemonFeature.jsx
FN:4,(anonymous_0)
FNF:1
FNH:1
FNDA:8,(anonymous_0)
DA:4,2
DA:5,8
LF:2
LH:2
BRDA:9,0,0,1
BRDA:9,0,1,7
BRF:2
BRH:2
end_of_record
TN:
SF:src\components\atoms\progressBar\ProgressBar.jsx
FN:6,(anonymous_0)
FNF:1
FNH:1
FNDA:2,(anonymous_0)
DA:6,2
DA:7,2
LF:2
LH:2
BRF:0
BRH:0
end_of_record
TN:
SF:src\components\atoms\progressBar\ProgressBar.styles.js
FNF:0
FNH:0
DA:2,2
LF:1
LH:1
BRF:0
BRH:0
end_of_record
TN:
SF:src\components\atoms\searchInput\SearchInput.jsx
FN:5,(anonymous_0)
FN:10,(anonymous_1)
FNF:2
FNH:2
FNDA:2,(anonymous_0)
FNDA:1,(anonymous_1)
DA:5,1
DA:6,2
DA:11,1
LF:3
LH:3
BRF:0
BRH:0
end_of_record
TN:
SF:src\components\atoms\searchInput\SearchInput.styles.js
FNF:0
FNH:0
DA:2,1
LF:1
LH:1
BRF:0
BRH:0
end_of_record
TN:
SF:src\components\molecules\header\Header.jsx
FN:6,(anonymous_0)
FNF:1
FNH:1
FNDA:1,(anonymous_0)
DA:6,1
DA:7,1
LF:2
LH:2
BRF:0
BRH:0
end_of_record
TN:
SF:src\components\molecules\header\Header.styles.js
FNF:0
FNH:0
DA:1,1
DA:3,1
LF:2
LH:2
BRF:0
BRH:0
end_of_record
TN:
SF:src\components\molecules\header\constants.js
FNF:0
FNH:0
DA:1,1
DA:3,1
LF:2
LH:2
BRF:0
BRH:0
end_of_record
TN:
SF:src\components\molecules\pokemonChips\PokemonChips.jsx
FN:7,(anonymous_0)
FN:10,(anonymous_1)
FNF:2
FNH:2
FNDA:3,(anonymous_0)
FNDA:6,(anonymous_1)
DA:7,6
DA:8,3
DA:11,6
DA:13,6
DA:16,6
DA:17,6
LF:6
LH:6
BRDA:13,0,0,0
BRDA:13,0,1,6
BRDA:13,1,0,6
BRDA:13,1,1,2
BRDA:20,2,0,6
BRDA:20,2,1,0
BRF:6
BRH:4
end_of_record
TN:
SF:src\components\molecules\pokemonFeatures\PokemonFeatures.jsx
FN:7,(anonymous_0)
FN:11,(anonymous_1)
FNF:2
FNH:2
FNDA:1,(anonymous_0)
FNDA:7,(anonymous_1)
DA:7,1
DA:8,1
DA:9,1
DA:12,7
LF:4
LH:4
BRF:0
BRH:0
end_of_record
TN:
SF:src\components\molecules\pokemonFeatures\PokemonFeatures.styles.js
FNF:0
FNH:0
DA:3,1
LF:1
LH:1
BRF:0
BRH:0
end_of_record
TN:
SF:src\components\molecules\pokemonFilterModal\PokemonFilterModal.jsx
FN:7,(anonymous_0)
FN:14,handleUpdateFilterData
FN:16,(anonymous_2)
FN:17,(anonymous_3)
FN:54,(anonymous_4)
FN:55,(anonymous_5)
FNF:6
FNH:2
FNDA:2,(anonymous_0)
FNDA:1,handleUpdateFilterData
FNDA:0,(anonymous_2)
FNDA:0,(anonymous_3)
FNDA:0,(anonymous_4)
FNDA:0,(anonymous_5)
DA:7,1
DA:12,2
DA:15,1
DA:16,0
DA:17,0
DA:19,1
DA:20,1
DA:23,2
DA:55,0
DA:56,0
DA:61,0
LF:11
LH:6
BRDA:40,0,0,2
BRDA:40,0,1,2
BRF:2
BRH:2
end_of_record
TN:
SF:src\components\molecules\pokemonFilterModal\PokemonFilterModal.styles.js
FNF:0
FNH:0
DA:3,1
LF:1
LH:1
BRF:0
BRH:0
end_of_record
TN:
SF:src\components\molecules\pokemonList\PokemonList.jsx
FN:5,(anonymous_0)
FN:9,(anonymous_1)
FN:14,(anonymous_2)
FN:21,(anonymous_3)
FNF:4
FNH:0
FNDA:0,(anonymous_0)
FNDA:0,(anonymous_1)
FNDA:0,(anonymous_2)
FNDA:0,(anonymous_3)
DA:5,0
DA:6,0
DA:10,0
DA:14,0
DA:21,0
LF:5
LH:0
BRF:0
BRH:0
end_of_record
TN:
SF:src\components\molecules\pokemonStats\PokemonStats.jsx
FN:5,(anonymous_0)
FN:10,(anonymous_1)
FNF:2
FNH:2
FNDA:1,(anonymous_0)
FNDA:1,(anonymous_1)
DA:5,1
DA:6,1
DA:11,1
LF:3
LH:3
BRDA:5,0,0,0
BRF:1
BRH:0
end_of_record
TN:
SF:src\components\molecules\pokemonStats\PokemonStats.styles.js
FNF:0
FNH:0
LF:0
LH:0
BRF:0
BRH:0
end_of_record
TN:
SF:src\components\molecules\pokemonTypesFilter\PokemonTypesFilter.jsx
FN:6,(anonymous_0)
FN:7,(anonymous_1)
FN:8,fetchPokemonChips
FN:14,(anonymous_3)
FN:25,handleChange
FN:26,(anonymous_5)
FN:41,(anonymous_6)
FN:44,(anonymous_7)
FN:48,(anonymous_8)
FNF:9
FNH:0
FNDA:0,(anonymous_0)
FNDA:0,(anonymous_1)
FNDA:0,fetchPokemonChips
FNDA:0,(anonymous_3)
FNDA:0,handleChange
FNDA:0,(anonymous_5)
FNDA:0,(anonymous_6)
FNDA:0,(anonymous_7)
FNDA:0,(anonymous_8)
DA:6,1
DA:7,0
DA:9,0
DA:12,0
DA:14,0
DA:15,0
DA:16,0
DA:18,0
DA:22,0
DA:26,0
DA:27,0
DA:34,0
DA:37,0
DA:42,0
DA:44,0
DA:48,0
LF:16
LH:1
BRDA:9,0,0,0
BRDA:9,0,1,0
BRDA:11,1,0,0
BRDA:27,2,0,0
BRDA:27,2,1,0
BRF:5
BRH:0
end_of_record
TN:
SF:src\constants\axiosConfig.js
FNF:0
FNH:0
DA:4,2
LF:1
LH:1
BRF:0
BRH:0
end_of_record
TN:
SF:src\constants\constants.js
FNF:0
FNH:0
DA:1,6
LF:1
LH:1
BRF:0
BRH:0
end_of_record
TN:
SF:src\context\PokemonContext.js
FN:21,(anonymous_0)
FN:24,(anonymous_1)
FNF:2
FNH:0
FNDA:0,(anonymous_0)
FNDA:0,(anonymous_1)
DA:4,1
DA:24,1
DA:25,0
DA:28,0
DA:30,0
LF:5
LH:2
BRF:0
BRH:0
end_of_record
TN:
SF:src\reducers\pokemonReducer.js
FN:1,pokemonReducer
FNF:1
FNH:0
FNDA:0,pokemonReducer
DA:2,0
DA:4,0
DA:9,0
LF:3
LH:0
BRDA:2,0,0,0
BRDA:2,0,1,0
BRF:2
BRH:0
end_of_record
TN:
SF:src\screens\pokemonDetailsPage\PokemonDetailsPage.jsx
FN:24,(anonymous_0)
FN:28,(anonymous_1)
FN:29,fetchPokemondetails
FN:46,(anonymous_3)
FN:47,(anonymous_4)
FN:52,(anonymous_5)
FN:80,(anonymous_6)
FN:97,(anonymous_7)
FN:109,(anonymous_8)
FN:116,(anonymous_9)
FNF:10
FNH:0
FNDA:0,(anonymous_0)
FNDA:0,(anonymous_1)
FNDA:0,fetchPokemondetails
FNDA:0,(anonymous_3)
FNDA:0,(anonymous_4)
FNDA:0,(anonymous_5)
FNDA:0,(anonymous_6)
FNDA:0,(anonymous_7)
FNDA:0,(anonymous_8)
FNDA:0,(anonymous_9)
DA:24,0
DA:25,0
DA:26,0
DA:28,0
DA:30,0
DA:31,0
DA:35,0
DA:36,0
DA:41,0
DA:46,0
DA:47,0
DA:52,0
DA:57,0
DA:60,0
DA:63,0
DA:65,0
DA:81,0
DA:98,0
DA:110,0
DA:117,0
LF:20
LH:0
BRDA:35,0,0,0
BRDA:35,0,1,0
BRDA:73,1,0,0
BRDA:73,1,1,0
BRDA:95,2,0,0
BRDA:95,2,1,0
BRF:6
BRH:0
end_of_record
TN:
SF:src\screens\pokemonDetailsPage\PokemonDetailsPage.styles.js
FNF:0
FNH:0
DA:3,0
LF:1
LH:0
BRF:0
BRH:0
end_of_record
TN:
SF:src\screens\pokemonListingPage\PokemonListingPage.jsx
FN:11,(anonymous_0)
FN:27,(anonymous_1)
FN:28,fetchPokemon
FN:54,filterPokemonResults
FN:56,(anonymous_4)
FN:65,(anonymous_5)
FN:66,(anonymous_6)
FN:85,(anonymous_7)
FN:87,(anonymous_8)
FN:99,(anonymous_9)
FN:111,(anonymous_10)
FN:113,(anonymous_11)
FN:115,(anonymous_12)
FN:130,(anonymous_13)
FNF:14
FNH:0
FNDA:0,(anonymous_0)
FNDA:0,(anonymous_1)
FNDA:0,fetchPokemon
FNDA:0,filterPokemonResults
FNDA:0,(anonymous_4)
FNDA:0,(anonymous_5)
FNDA:0,(anonymous_6)
FNDA:0,(anonymous_7)
FNDA:0,(anonymous_8)
FNDA:0,(anonymous_9)
FNDA:0,(anonymous_10)
FNDA:0,(anonymous_11)
FNDA:0,(anonymous_12)
FNDA:0,(anonymous_13)
DA:11,0
DA:12,0
DA:17,0
DA:19,0
DA:20,0
DA:21,0
DA:24,0
DA:25,0
DA:27,0
DA:29,0
DA:30,0
DA:34,0
DA:35,0
DA:40,0
DA:42,0
DA:49,0
DA:52,0
DA:55,0
DA:57,0
DA:64,0
DA:66,0
DA:67,0
DA:72,0
DA:75,0
DA:86,0
DA:87,0
DA:88,0
DA:93,0
DA:99,0
DA:111,0
DA:114,0
DA:115,0
DA:116,0
DA:121,0
DA:131,0
DA:135,0
LF:36
LH:0
BRDA:55,0,0,0
BRDA:55,0,1,0
BRDA:58,1,0,0
BRDA:58,1,1,0
BRDA:64,2,0,0
BRDA:64,2,1,0
BRDA:78,3,0,0
BRDA:78,3,1,0
BRF:8
BRH:0
end_of_record
TN:
SF:src\screens\pokemonListingPage\PokemonListingPage.styles.js
FNF:0
FNH:0
DA:3,0
LF:1
LH:0
BRF:0
BRH:0
end_of_record
TN:
SF:src\services\api.js
FN:3,transformPokemonData
FN:7,getPokemonData
FN:11,(anonymous_2)
FN:22,getPokemonDescription
FN:31,getPokemonStrengthWeaknesses
FN:35,getPokemonTypes
FNF:6
FNH:5
FNDA:1,transformPokemonData
FNDA:2,getPokemonData
FNDA:0,(anonymous_2)
FNDA:2,getPokemonDescription
FNDA:1,getPokemonStrengthWeaknesses
FNDA:2,getPokemonTypes
DA:4,1
DA:8,2
DA:9,2
DA:10,1
DA:12,0
DA:13,0
DA:16,1
DA:18,1
DA:23,2
DA:24,2
DA:25,1
DA:27,1
DA:32,1
DA:36,2
LF:14
LH:12
BRDA:9,0,0,0
BRDA:9,1,0,1
BRF:2
BRH:1
end_of_record
TN:
SF:src\util\utils.js
FN:4,getPokemonEggGroups
FN:6,(anonymous_1)
FN:15,getPokemonAbilities
FN:17,(anonymous_3)
FN:26,getFormattedHeight
FN:38,getFormattedWeight
FN:42,getCapitalisedWord
FN:47,getPokemonFeatures
FNF:8
FNH:8
FNDA:2,getPokemonEggGroups
FNDA:1,(anonymous_1)
FNDA:2,getPokemonAbilities
FNDA:1,(anonymous_3)
FNDA:1,getFormattedHeight
FNDA:1,getFormattedWeight
FNDA:9,getCapitalisedWord
FNDA:1,getPokemonFeatures
DA:5,2
DA:6,2
DA:7,1
DA:12,2
DA:16,2
DA:17,2
DA:18,1
DA:23,2
DA:27,1
DA:29,1
DA:31,1
DA:33,1
DA:35,1
DA:39,1
DA:43,9
DA:44,9
DA:48,1
DA:128,1
DA:137,1
LF:19
LH:19
BRDA:8,0,0,0
BRDA:8,0,1,1
BRDA:19,1,0,0
BRDA:19,1,1,1
BRDA:128,2,0,1
BRDA:128,2,1,0
BRF:6
BRH:3
end_of_record
